<?xml version="1.0" encoding="UTF-8"?>
<!-- Generated by org.testng.reporters.JUnitXMLReporter -->
<testsuite ignored="0" hostname="MacBook-Pro-de-Lorena.local" failures="0" tests="7" name="Test" time="117.183" errors="0" timestamp="2024-05-30T21:14:53 CLT">
  <testcase classname="EducacionIT.EduIT.Desafio" name="@BeforeMethod inicioSesion" time="5.206">
    <failure type="java.lang.NullPointerException" message="Cannot invoke &amp;quot;org.openqa.selenium.WebDriver.findElement(org.openqa.selenium.By)&amp;quot; because &amp;quot;this.driver&amp;quot; is null">
      <![CDATA[java.lang.NullPointerException: Cannot invoke "org.openqa.selenium.WebDriver.findElement(org.openqa.selenium.By)" because "this.driver" is null
at EducacionIT.EduIT.Desafio.inicioSesion(Desafio.java:39)
at java.base/java.util.ArrayList.forEach(ArrayList.java:1511)
... Removed 31 stack frames]]>
    </failure>
  </testcase> <!-- @BeforeMethod inicioSesion -->
  <testcase classname="EducacionIT.EduIT.Desafio" name="@AfterMethod cerrarNavegador" time="-1.71711809305E9">
    <skipped/>
  </testcase> <!-- @AfterMethod cerrarNavegador -->
  <testcase classname="EducacionIT.EduIT.AppTest" name="shouldAnswerWithTrue" time="0.009"/>
  <testcase classname="EducacionIT.EduIT.Laboratorio2" name="lab2_E1test" time="30.281"/>
  <testcase classname="EducacionIT.EduIT.Laboratorio1" name="lab1_e1" time="17.265"/>
  <testcase classname="EducacionIT.EduIT.Laboratorio1" name="lab1_e2" time="43.652"/>
  <testcase classname="EducacionIT.EduIT.Laboratorio1" name="lab1_e3" time="20.647"/>
  <testcase classname="EducacionIT.EduIT.Laboratorio1" name="lab1_test" time="0.004"/>
  <testcase classname="EducacionIT.EduIT.Desafio" name="testCompra" time="0.0">
    <skipped/>
  </testcase> <!-- testCompra -->
</testsuite> <!-- Test -->
