<?xml version="1.0" encoding="UTF-8"?>
<testng-results ignored="0" total="1" passed="1" failed="0" skipped="0">
  <reporter-output>
  </reporter-output>
  <suite started-at="2024-06-06T20:17:34 CLT" name="Default suite" finished-at="2024-06-06T20:17:38 CLT" duration-ms="4048">
    <groups>
    </groups>
    <test started-at="2024-06-06T20:17:34 CLT" name="Default test" finished-at="2024-06-06T20:17:38 CLT" duration-ms="4048">
      <class name="Pruebas.Laboratorio6_E1">
        <test-method is-config="true" signature="setUp()[pri:0, instance:Pruebas.Laboratorio6_E1@2b91004a]" started-at="2024-06-06T20:17:13 CLT" name="setUp" finished-at="2024-06-06T20:17:34 CLT" duration-ms="21341" status="PASS">
          <reporter-output>
          </reporter-output>
        </test-method> <!-- setUp -->
        <test-method signature="verNavegadorIncognito()[pri:0, instance:Pruebas.Laboratorio6_E1@2b91004a]" started-at="2024-06-06T20:17:34 CLT" name="verNavegadorIncognito" finished-at="2024-06-06T20:17:38 CLT" duration-ms="3915" status="PASS">
          <reporter-output>
          </reporter-output>
        </test-method> <!-- verNavegadorIncognito -->
        <test-method is-config="true" signature="cerrar()[pri:0, instance:Pruebas.Laboratorio6_E1@2b91004a]" started-at="2024-06-06T20:17:38 CLT" name="cerrar" finished-at="2024-06-06T20:17:39 CLT" duration-ms="231" status="PASS">
          <reporter-output>
          </reporter-output>
        </test-method> <!-- cerrar -->
      </class> <!-- Pruebas.Laboratorio6_E1 -->
    </test> <!-- Default test -->
  </suite> <!-- Default suite -->
</testng-results>
